<?xml version="1.0" encoding="UTF-8"?>
<!-- Generated by org.testng.reporters.JUnitReportReporter -->
<testsuite skipped="0" hostname="Lenovo" name="Qingjia" tests="3" failures="0" timestamp="30 十一月 2017 08:36:31 GMT" time="23.345" errors="0">
  <testcase name="arrqing" time="13.325" classname="Qingjia"/>
  <testcase name="qingjia" time="6.598" classname="Qingjia"/>
  <testcase name="Mykaoqin" time="3.422" classname="Qingjia"/>
</testsuite> <!-- Qingjia -->
