<?xml version="1.0" encoding="UTF-8"?>
<!-- Generated by org.testng.reporters.JUnitReportReporter -->
<testsuite skipped="0" hostname="Lenovo" name="DayWork" tests="4" failures="0" timestamp="30 十一月 2017 06:37:38 GMT" time="38.270" errors="0">
  <testcase name="kaoqin1" time="10.422" classname="DayWork"/>
  <testcase name="kaoqin2" time="13.509" classname="DayWork"/>
  <testcase name="kaoqin4" time="10.908" classname="DayWork"/>
  <testcase name="Mykaoqin" time="3.431" classname="DayWork"/>
</testsuite> <!-- DayWork -->
