<?xml version="1.0" encoding="UTF-8"?>
<!-- Generated by org.testng.reporters.JUnitReportReporter -->
<testsuite skipped="0" hostname="Lenovo" name="Buban" tests="3" failures="0" timestamp="30 十一月 2017 09:16:20 GMT" time="17.599" errors="0">
  <testcase name="Mykaoqin" time="3.523" classname="Buban"/>
  <testcase name="addbu3" time="7.434" classname="Buban"/>
  <testcase name="buban" time="6.642" classname="Buban"/>
</testsuite> <!-- Buban -->
