<?xml version="1.0" encoding="UTF-8"?>
<!-- Generated by org.testng.reporters.JUnitReportReporter -->
<testsuite skipped="0" hostname="Lenovo" name="LoginTest" tests="1" failures="0" timestamp="23 十一月 2017 09:12:44 GMT" time="10.875" errors="0">
  <testcase name="login" time="10.875" classname="LoginTest"/>
</testsuite> <!-- LoginTest -->
